INFO [2022-04-01 23:23:09] $x
INFO [2022-04-01 23:23:09] list(tcgaFungiSpecies, eukDetectTCGAUnfilteredTaxFungiReformatted$Tax_Reformatted)
INFO [2022-04-01 23:23:09] 
INFO [2022-04-01 23:23:09] $category.names
INFO [2022-04-01 23:23:09] c("Rep200", "EukDetect\nUnfiltered")
INFO [2022-04-01 23:23:09] 
INFO [2022-04-01 23:23:09] $filename
INFO [2022-04-01 23:23:09] [1] "EukDetect/figures/venn_tcga_rep200_eukdetectUnfiltered.png"
INFO [2022-04-01 23:23:09] 
INFO [2022-04-01 23:23:09] $main
INFO [2022-04-01 23:23:09] [1] "TCGA Woltka Intersect EukDetect"
INFO [2022-04-01 23:23:09] 
INFO [2022-04-01 23:23:09] $main.cex
INFO [2022-04-01 23:23:09] [1] 0.5
INFO [2022-04-01 23:23:09] 
INFO [2022-04-01 23:23:09] $main.fontfamily
INFO [2022-04-01 23:23:09] [1] "sans"
INFO [2022-04-01 23:23:09] 
INFO [2022-04-01 23:23:09] $main.fontface
INFO [2022-04-01 23:23:09] [1] "bold"
INFO [2022-04-01 23:23:09] 
INFO [2022-04-01 23:23:09] $output
INFO [2022-04-01 23:23:09] [1] TRUE
INFO [2022-04-01 23:23:09] 
INFO [2022-04-01 23:23:09] $imagetype
INFO [2022-04-01 23:23:09] [1] "png"
INFO [2022-04-01 23:23:09] 
INFO [2022-04-01 23:23:09] $height
INFO [2022-04-01 23:23:09] [1] 480
INFO [2022-04-01 23:23:09] 
INFO [2022-04-01 23:23:09] $width
INFO [2022-04-01 23:23:09] [1] 480
INFO [2022-04-01 23:23:09] 
INFO [2022-04-01 23:23:09] $resolution
INFO [2022-04-01 23:23:09] [1] 300
INFO [2022-04-01 23:23:09] 
INFO [2022-04-01 23:23:09] $compression
INFO [2022-04-01 23:23:09] [1] "lzw"
INFO [2022-04-01 23:23:09] 
INFO [2022-04-01 23:23:09] $lwd
INFO [2022-04-01 23:23:09] [1] 2
INFO [2022-04-01 23:23:09] 
INFO [2022-04-01 23:23:09] $lty
INFO [2022-04-01 23:23:09] [1] "blank"
INFO [2022-04-01 23:23:09] 
INFO [2022-04-01 23:23:09] $fill
INFO [2022-04-01 23:23:09] c("#B3E2CD", "#FDCDAC")
INFO [2022-04-01 23:23:09] 
INFO [2022-04-01 23:23:09] $cex
INFO [2022-04-01 23:23:09] [1] 0.6
INFO [2022-04-01 23:23:09] 
INFO [2022-04-01 23:23:09] $fontface
INFO [2022-04-01 23:23:09] [1] "bold"
INFO [2022-04-01 23:23:09] 
INFO [2022-04-01 23:23:09] $fontfamily
INFO [2022-04-01 23:23:09] [1] "sans"
INFO [2022-04-01 23:23:09] 
INFO [2022-04-01 23:23:09] $cat.cex
INFO [2022-04-01 23:23:09] [1] 0.6
INFO [2022-04-01 23:23:09] 
INFO [2022-04-01 23:23:09] $cat.fontface
INFO [2022-04-01 23:23:09] [1] "bold"
INFO [2022-04-01 23:23:09] 
INFO [2022-04-01 23:23:09] $cat.default.pos
INFO [2022-04-01 23:23:09] [1] "outer"
INFO [2022-04-01 23:23:09] 
INFO [2022-04-01 23:23:09] $cat.pos
INFO [2022-04-01 23:23:09] c(180, 180)
INFO [2022-04-01 23:23:09] 
INFO [2022-04-01 23:23:09] $cat.dist
INFO [2022-04-01 23:23:09] c(-0.02, 0.05)
INFO [2022-04-01 23:23:09] 
INFO [2022-04-01 23:23:09] $cat.fontfamily
INFO [2022-04-01 23:23:09] [1] "sans"
INFO [2022-04-01 23:23:09] 
