INFO [2022-04-01 23:23:06] $x
INFO [2022-04-01 23:23:06] list(tcgaFungiSpecies, eukDetectTCGAFilteredTaxFungiReformatted$Tax_Reformatted)
INFO [2022-04-01 23:23:06] 
INFO [2022-04-01 23:23:06] $category.names
INFO [2022-04-01 23:23:06] c("Rep200", "EukDetect\nFiltered")
INFO [2022-04-01 23:23:06] 
INFO [2022-04-01 23:23:06] $filename
INFO [2022-04-01 23:23:06] [1] "EukDetect/figures/venn_tcga_rep200_eukdetectFiltered.png"
INFO [2022-04-01 23:23:06] 
INFO [2022-04-01 23:23:06] $main
INFO [2022-04-01 23:23:06] [1] "TCGA Woltka Intersect EukDetect"
INFO [2022-04-01 23:23:06] 
INFO [2022-04-01 23:23:06] $main.cex
INFO [2022-04-01 23:23:06] [1] 0.5
INFO [2022-04-01 23:23:06] 
INFO [2022-04-01 23:23:06] $main.fontfamily
INFO [2022-04-01 23:23:06] [1] "sans"
INFO [2022-04-01 23:23:06] 
INFO [2022-04-01 23:23:06] $main.fontface
INFO [2022-04-01 23:23:06] [1] "bold"
INFO [2022-04-01 23:23:06] 
INFO [2022-04-01 23:23:06] $output
INFO [2022-04-01 23:23:06] [1] TRUE
INFO [2022-04-01 23:23:06] 
INFO [2022-04-01 23:23:06] $imagetype
INFO [2022-04-01 23:23:06] [1] "png"
INFO [2022-04-01 23:23:06] 
INFO [2022-04-01 23:23:06] $height
INFO [2022-04-01 23:23:06] [1] 480
INFO [2022-04-01 23:23:06] 
INFO [2022-04-01 23:23:06] $width
INFO [2022-04-01 23:23:06] [1] 480
INFO [2022-04-01 23:23:06] 
INFO [2022-04-01 23:23:06] $resolution
INFO [2022-04-01 23:23:06] [1] 300
INFO [2022-04-01 23:23:06] 
INFO [2022-04-01 23:23:06] $compression
INFO [2022-04-01 23:23:06] [1] "lzw"
INFO [2022-04-01 23:23:06] 
INFO [2022-04-01 23:23:06] $lwd
INFO [2022-04-01 23:23:06] [1] 2
INFO [2022-04-01 23:23:06] 
INFO [2022-04-01 23:23:06] $lty
INFO [2022-04-01 23:23:06] [1] "blank"
INFO [2022-04-01 23:23:06] 
INFO [2022-04-01 23:23:06] $fill
INFO [2022-04-01 23:23:06] c("#B3E2CD", "#FDCDAC")
INFO [2022-04-01 23:23:06] 
INFO [2022-04-01 23:23:06] $cex
INFO [2022-04-01 23:23:06] [1] 0.6
INFO [2022-04-01 23:23:06] 
INFO [2022-04-01 23:23:06] $fontface
INFO [2022-04-01 23:23:06] [1] "bold"
INFO [2022-04-01 23:23:06] 
INFO [2022-04-01 23:23:06] $fontfamily
INFO [2022-04-01 23:23:06] [1] "sans"
INFO [2022-04-01 23:23:06] 
INFO [2022-04-01 23:23:06] $cat.cex
INFO [2022-04-01 23:23:06] [1] 0.6
INFO [2022-04-01 23:23:06] 
INFO [2022-04-01 23:23:06] $cat.fontface
INFO [2022-04-01 23:23:06] [1] "bold"
INFO [2022-04-01 23:23:06] 
INFO [2022-04-01 23:23:06] $cat.default.pos
INFO [2022-04-01 23:23:06] [1] "outer"
INFO [2022-04-01 23:23:06] 
INFO [2022-04-01 23:23:06] $cat.pos
INFO [2022-04-01 23:23:06] c(180, 180)
INFO [2022-04-01 23:23:06] 
INFO [2022-04-01 23:23:06] $cat.dist
INFO [2022-04-01 23:23:06] c(-0.02, 0.05)
INFO [2022-04-01 23:23:06] 
INFO [2022-04-01 23:23:06] $cat.fontfamily
INFO [2022-04-01 23:23:06] [1] "sans"
INFO [2022-04-01 23:23:06] 
